DeslizandoPorAracaju/Library/Bee/Android/Prj/IL2CPP/Gradle/unityLibrary/build/intermediates/manifest_merge_blame_file/release/manifest-merger-blame-release-report.txt
1<?xml version="1.0" encoding="utf-8"?>
2<manifest xmlns:android="http://schemas.android.com/apk/res/android"
3    xmlns:tools="http://schemas.android.com/tools"
4    package="com.unity3d.player" >
5
6    <uses-sdk
7        android:minSdkVersion="26"
7-->src\main\AndroidManifest.xml
8        android:targetSdkVersion="32" />
8-->src\main\AndroidManifest.xml
9
10    <uses-feature android:glEsVersion="0x00030000" />
10-->src\main\AndroidManifest.xml:3:3-52
10-->src\main\AndroidManifest.xml:3:17-49
11    <uses-feature
11-->src\main\AndroidManifest.xml:4:3-91
12        android:name="android.hardware.vulkan.version"
12-->src\main\AndroidManifest.xml:4:17-63
13        android:required="false" />
13-->src\main\AndroidManifest.xml:4:64-88
14    <uses-feature
14-->src\main\AndroidManifest.xml:5:3-88
15        android:name="android.hardware.touchscreen"
15-->src\main\AndroidManifest.xml:5:17-60
16        android:required="false" />
16-->src\main\AndroidManifest.xml:5:61-85
17
18    <application android:extractNativeLibs="true" >
18-->src\main\AndroidManifest.xml:6:3-20:17
18-->src\main\AndroidManifest.xml:6:16-48
19        <meta-data
19-->src\main\AndroidManifest.xml:7:5-69
20            android:name="unity.splash-mode"
20-->src\main\AndroidManifest.xml:7:16-48
21            android:value="0" />
21-->src\main\AndroidManifest.xml:7:49-66
22        <meta-data
22-->src\main\AndroidManifest.xml:8:5-74
23            android:name="unity.splash-enable"
23-->src\main\AndroidManifest.xml:8:16-50
24            android:value="True" />
24-->src\main\AndroidManifest.xml:8:51-71
25        <meta-data
25-->src\main\AndroidManifest.xml:9:5-78
26            android:name="unity.launch-fullscreen"
26-->src\main\AndroidManifest.xml:9:16-54
27            android:value="True" />
27-->src\main\AndroidManifest.xml:9:55-75
28        <meta-data
28-->src\main\AndroidManifest.xml:10:5-81
29            android:name="notch.config"
29-->src\main\AndroidManifest.xml:10:16-43
30            android:value="portrait|landscape" />
30-->src\main\AndroidManifest.xml:10:44-78
31        <meta-data
31-->src\main\AndroidManifest.xml:11:5-84
32            android:name="unity.auto-report-fully-drawn"
32-->src\main\AndroidManifest.xml:11:16-60
33            android:value="true" />
33-->src\main\AndroidManifest.xml:11:61-81
34
35        <activity
35-->src\main\AndroidManifest.xml:12:5-19:16
36            android:name="com.unity3d.player.UnityPlayerActivity"
36-->src\main\AndroidManifest.xml:12:15-68
37            android:configChanges="mcc|mnc|locale|touchscreen|keyboard|keyboardHidden|navigation|orientation|screenLayout|uiMode|screenSize|smallestScreenSize|fontScale|layoutDirection|density"
37-->src\main\AndroidManifest.xml:12:180-361
38            android:exported="true"
38-->src\main\AndroidManifest.xml:12:433-456
39            android:hardwareAccelerated="false"
39-->src\main\AndroidManifest.xml:12:397-432
40            android:launchMode="singleTask"
40-->src\main\AndroidManifest.xml:12:148-179
41            android:resizeableActivity="false"
41-->src\main\AndroidManifest.xml:12:362-396
42            android:screenOrientation="fullUser"
42-->src\main\AndroidManifest.xml:12:111-147
43            android:theme="@style/UnityThemeSelector" >
43-->src\main\AndroidManifest.xml:12:69-110
44            <intent-filter>
44-->src\main\AndroidManifest.xml:13:7-16:23
45                <category android:name="android.intent.category.LAUNCHER" />
45-->src\main\AndroidManifest.xml:14:9-69
45-->src\main\AndroidManifest.xml:14:19-66
46
47                <action android:name="android.intent.action.MAIN" />
47-->src\main\AndroidManifest.xml:15:9-61
47-->src\main\AndroidManifest.xml:15:17-58
48            </intent-filter>
49
50            <meta-data
50-->src\main\AndroidManifest.xml:17:7-82
51                android:name="unityplayer.UnityActivity"
51-->src\main\AndroidManifest.xml:17:18-58
52                android:value="true" />
52-->src\main\AndroidManifest.xml:17:59-79
53            <meta-data
53-->src\main\AndroidManifest.xml:18:7-70
54                android:name="notch_support"
54-->src\main\AndroidManifest.xml:18:18-46
55                android:value="true" />
55-->src\main\AndroidManifest.xml:18:47-67
56        </activity>
57    </application>
58
59</manifest>